\BOOKMARK [0][-]{chapter.1}{What is POY5}{}
\BOOKMARK [1][-]{section.1.1}{The structure of POY5 documentation}{chapter.1}
\BOOKMARK [1][-]{section.1.2}{What's new in POY5}{chapter.1}
\BOOKMARK [0][-]{chapter.2}{POY5 Quick Start}{}
\BOOKMARK [1][-]{section.2.1}{Requirements: software and hardware}{chapter.2}
\BOOKMARK [2][-]{subsection.2.1.1}{Software}{section.2.1}
\BOOKMARK [2][-]{subsection.2.1.2}{Hardware}{section.2.1}
\BOOKMARK [1][-]{section.2.2}{Obtaining and installing POY5}{chapter.2}
\BOOKMARK [2][-]{subsection.2.2.1}{Installing from the binaries}{section.2.2}
\BOOKMARK [2][-]{subsection.2.2.2}{Compiling from the source}{section.2.2}
\BOOKMARK [1][-]{section.2.3}{The Graphical User Interface}{chapter.2}
\BOOKMARK [2][-]{subsection.2.3.1}{POY menu bar}{section.2.3}
\BOOKMARK [2][-]{subsection.2.3.2}{POY Launcher}{section.2.3}
\BOOKMARK [2][-]{subsection.2.3.3}{The Analyses menu}{section.2.3}
\BOOKMARK [2][-]{subsection.2.3.4}{The View menu}{section.2.3}
\BOOKMARK [1][-]{section.2.4}{Using the Interactive Console}{chapter.2}
\BOOKMARK [2][-]{subsection.2.4.1}{The interface}{section.2.4}
\BOOKMARK [2][-]{subsection.2.4.2}{Starting a POY5 session using the Interactive Console}{section.2.4}
\BOOKMARK [2][-]{subsection.2.4.3}{Entering commands}{section.2.4}
\BOOKMARK [2][-]{subsection.2.4.4}{Browsing the output}{section.2.4}
\BOOKMARK [2][-]{subsection.2.4.5}{Switching between the windows}{section.2.4}
\BOOKMARK [2][-]{subsection.2.4.6}{Importing data}{section.2.4}
\BOOKMARK [2][-]{subsection.2.4.7}{Inspecting data}{section.2.4}
\BOOKMARK [2][-]{subsection.2.4.8}{Building the initial trees}{section.2.4}
\BOOKMARK [2][-]{subsection.2.4.9}{Performing a local search}{section.2.4}
\BOOKMARK [2][-]{subsection.2.4.10}{Selecting trees}{section.2.4}
\BOOKMARK [2][-]{subsection.2.4.11}{Visualizing the results}{section.2.4}
\BOOKMARK [2][-]{subsection.2.4.12}{Interrupting a process}{section.2.4}
\BOOKMARK [2][-]{subsection.2.4.13}{Reporting errors}{section.2.4}
\BOOKMARK [2][-]{subsection.2.4.14}{Exiting}{section.2.4}
\BOOKMARK [1][-]{section.2.5}{Creating and running POY5 scripts}{chapter.2}
\BOOKMARK [1][-]{section.2.6}{Obtaining help}{chapter.2}
\BOOKMARK [1][-]{section.2.7}{WWW resources}{chapter.2}
\BOOKMARK [0][-]{chapter.3}{POY5 Commands}{}
\BOOKMARK [1][-]{section.3.1}{POY5 command structure}{chapter.3}
\BOOKMARK [2][-]{subsection.3.1.1}{Brief description}{section.3.1}
\BOOKMARK [2][-]{subsection.3.1.2}{Grammar specification}{section.3.1}
\BOOKMARK [1][-]{section.3.2}{Notation}{chapter.3}
\BOOKMARK [1][-]{section.3.3}{Command reference}{chapter.3}
\BOOKMARK [2][-]{subsection.3.3.1}{build}{section.3.3}
\BOOKMARK [2][-]{subsection.3.3.2}{calculate\137support}{section.3.3}
\BOOKMARK [2][-]{subsection.3.3.3}{clear\137memory}{section.3.3}
\BOOKMARK [2][-]{subsection.3.3.4}{cd}{section.3.3}
\BOOKMARK [2][-]{subsection.3.3.5}{echo}{section.3.3}
\BOOKMARK [2][-]{subsection.3.3.6}{exit}{section.3.3}
\BOOKMARK [2][-]{subsection.3.3.7}{fuse}{section.3.3}
\BOOKMARK [2][-]{subsection.3.3.8}{help}{section.3.3}
\BOOKMARK [2][-]{subsection.3.3.9}{inspect}{section.3.3}
\BOOKMARK [2][-]{subsection.3.3.10}{load}{section.3.3}
\BOOKMARK [2][-]{subsection.3.3.11}{perturb}{section.3.3}
\BOOKMARK [2][-]{subsection.3.3.12}{pwd}{section.3.3}
\BOOKMARK [2][-]{subsection.3.3.13}{quit}{section.3.3}
\BOOKMARK [2][-]{subsection.3.3.14}{read}{section.3.3}
\BOOKMARK [2][-]{subsection.3.3.15}{rediagnose}{section.3.3}
\BOOKMARK [2][-]{subsection.3.3.16}{recover}{section.3.3}
\BOOKMARK [2][-]{subsection.3.3.17}{redraw}{section.3.3}
\BOOKMARK [2][-]{subsection.3.3.18}{rename}{section.3.3}
\BOOKMARK [2][-]{subsection.3.3.19}{report}{section.3.3}
\BOOKMARK [2][-]{subsection.3.3.20}{run}{section.3.3}
\BOOKMARK [2][-]{subsection.3.3.21}{save}{section.3.3}
\BOOKMARK [2][-]{subsection.3.3.22}{search}{section.3.3}
\BOOKMARK [2][-]{subsection.3.3.23}{select}{section.3.3}
\BOOKMARK [2][-]{subsection.3.3.24}{set}{section.3.3}
\BOOKMARK [2][-]{subsection.3.3.25}{store}{section.3.3}
\BOOKMARK [2][-]{subsection.3.3.26}{swap}{section.3.3}
\BOOKMARK [2][-]{subsection.3.3.27}{transform}{section.3.3}
\BOOKMARK [2][-]{subsection.3.3.28}{use}{section.3.3}
\BOOKMARK [2][-]{subsection.3.3.29}{version}{section.3.3}
\BOOKMARK [2][-]{subsection.3.3.30}{wipe}{section.3.3}
\BOOKMARK [0][-]{chapter.4}{POY5 Heuristics: A Practical Guide}{}
\BOOKMARK [1][-]{section.4.1}{Introduction}{chapter.4}
\BOOKMARK [1][-]{section.4.2}{Data treatment}{chapter.4}
\BOOKMARK [1][-]{section.4.3}{Character optimization}{chapter.4}
\BOOKMARK [1][-]{section.4.4}{Tree searching}{chapter.4}
\BOOKMARK [1][-]{section.4.5}{Chromosome heuristics}{chapter.4}
\BOOKMARK [2][-]{subsection.4.5.1}{Breakinv character}{section.4.5}
\BOOKMARK [2][-]{subsection.4.5.2}{Annotated chromosome character}{section.4.5}
\BOOKMARK [2][-]{subsection.4.5.3}{Chromosome character}{section.4.5}
\BOOKMARK [1][-]{section.4.6}{Transformation cost regimes}{chapter.4}
\BOOKMARK [0][-]{chapter.5}{POY5 Tutorials}{}
\BOOKMARK [1][-]{section.5.1}{Combining search strategies}{chapter.5}
\BOOKMARK [1][-]{section.5.2}{Searching under iterative pass}{chapter.5}
\BOOKMARK [1][-]{section.5.3}{Bremer support}{chapter.5}
\BOOKMARK [1][-]{section.5.4}{Jackknife support}{chapter.5}
\BOOKMARK [1][-]{section.5.5}{Sensitivity analysis}{chapter.5}
\BOOKMARK [1][-]{section.5.6}{Chromosome analysis: unannotated sequences}{chapter.5}
\BOOKMARK [1][-]{section.5.7}{Chromosome analysis: annotated sequences}{chapter.5}
\BOOKMARK [1][-]{section.5.8}{Custom alphabet and break inversion characters}{chapter.5}
\BOOKMARK [1][-]{section.5.9}{Genome analysis: multiple chromosomes}{chapter.5}
\BOOKMARK [1][-]{section.5.9}{Bibliography}{chapter.5}
\BOOKMARK [1][-]{chapter*.202}{General Index}{chapter.5}
\BOOKMARK [1][-]{chapter*.202}{POY 3.0 Commands Index}{chapter.5}
